Performing C SOURCE FILE Test CMAKE_HAVE_LIBC_PTHREAD failed with the following output:
Change Dir: /home/jochen/Master/WS1920/3DSMC/exercises/exercise_4/CMakeFiles/CMakeTmp

Run Build Command(s):/bin/make cmTC_9075b/fast && /bin/make -f CMakeFiles/cmTC_9075b.dir/build.make CMakeFiles/cmTC_9075b.dir/build
make[1]: Entering directory '/home/jochen/Master/WS1920/3DSMC/exercises/exercise_4/CMakeFiles/CMakeTmp'
Building C object CMakeFiles/cmTC_9075b.dir/src.c.o
/bin/cc   -DCMAKE_HAVE_LIBC_PTHREAD   -o CMakeFiles/cmTC_9075b.dir/src.c.o   -c /home/jochen/Master/WS1920/3DSMC/exercises/exercise_4/CMakeFiles/CMakeTmp/src.c
Linking C executable cmTC_9075b
/usr/bin/cmake -E cmake_link_script CMakeFiles/cmTC_9075b.dir/link.txt --verbose=1
/bin/cc  -DCMAKE_HAVE_LIBC_PTHREAD    CMakeFiles/cmTC_9075b.dir/src.c.o  -o cmTC_9075b 
/bin/ld: CMakeFiles/cmTC_9075b.dir/src.c.o: in function `main':
src.c:(.text+0x3e): undefined reference to `pthread_create'
/bin/ld: src.c:(.text+0x4a): undefined reference to `pthread_detach'
/bin/ld: src.c:(.text+0x5b): undefined reference to `pthread_join'
collect2: error: ld returned 1 exit status
make[1]: *** [CMakeFiles/cmTC_9075b.dir/build.make:87: cmTC_9075b] Error 1
make[1]: Leaving directory '/home/jochen/Master/WS1920/3DSMC/exercises/exercise_4/CMakeFiles/CMakeTmp'
make: *** [Makefile:121: cmTC_9075b/fast] Error 2


Source file was:
#include <pthread.h>

void* test_func(void* data)
{
  return data;
}

int main(void)
{
  pthread_t thread;
  pthread_create(&thread, NULL, test_func, NULL);
  pthread_detach(thread);
  pthread_join(thread, NULL);
  pthread_atfork(NULL, NULL, NULL);
  pthread_exit(NULL);

  return 0;
}

Determining if the function pthread_create exists in the pthreads failed with the following output:
Change Dir: /home/jochen/Master/WS1920/3DSMC/exercises/exercise_4/CMakeFiles/CMakeTmp

Run Build Command(s):/bin/make cmTC_d5b4b/fast && /bin/make -f CMakeFiles/cmTC_d5b4b.dir/build.make CMakeFiles/cmTC_d5b4b.dir/build
make[1]: Entering directory '/home/jochen/Master/WS1920/3DSMC/exercises/exercise_4/CMakeFiles/CMakeTmp'
Building C object CMakeFiles/cmTC_d5b4b.dir/CheckFunctionExists.c.o
/bin/cc   -DCHECK_FUNCTION_EXISTS=pthread_create   -o CMakeFiles/cmTC_d5b4b.dir/CheckFunctionExists.c.o   -c /usr/share/cmake-3.15/Modules/CheckFunctionExists.c
Linking C executable cmTC_d5b4b
/usr/bin/cmake -E cmake_link_script CMakeFiles/cmTC_d5b4b.dir/link.txt --verbose=1
/bin/cc  -DCHECK_FUNCTION_EXISTS=pthread_create    CMakeFiles/cmTC_d5b4b.dir/CheckFunctionExists.c.o  -o cmTC_d5b4b -lpthreads 
/bin/ld: cannot find -lpthreads
collect2: error: ld returned 1 exit status
make[1]: *** [CMakeFiles/cmTC_d5b4b.dir/build.make:87: cmTC_d5b4b] Error 1
make[1]: Leaving directory '/home/jochen/Master/WS1920/3DSMC/exercises/exercise_4/CMakeFiles/CMakeTmp'
make: *** [Makefile:121: cmTC_d5b4b/fast] Error 2



